<?xml version="1.0" encoding="UTF-8"?>
<!-- Generated by org.testng.reporters.JUnitXMLReporter -->
<testsuite hostname="ashleys-mbp.turner.com" name="Regression" tests="193" failures="2" timestamp="7 Jul 2017 16:49:06 GMT" time="188.648" errors="0">
  <testcase name="verifySwitchToDefaultContent" time="1.019" classname="unitTests.seleniumHelperTests.BrowserTests"/>
  <testcase name="verifyOpenNewTab_ThrowsException" time="1.3" classname="unitTests.seleniumHelperTests.BrowserTests"/>
  <testcase name="verifyNavigateToUrl_ThrowsException" time="1.159" classname="unitTests.seleniumHelperTests.BrowserTests"/>
  <testcase name="verifyCloseOpenTabs_ThrowsException" time="1.042" classname="unitTests.seleniumHelperTests.BrowserTests"/>
  <testcase name="verifyNavigateToUrl" time="2.577" classname="unitTests.seleniumHelperTests.BrowserTests"/>
  <testcase name="verifyCloseOpenTabs" time="4.269" classname="unitTests.seleniumHelperTests.BrowserTests"/>
  <testcase name="verifySwitchToDefaultContent_ThrowsException" time="0.995" classname="unitTests.seleniumHelperTests.BrowserTests"/>
  <testcase name="verifySwitchToFrameByName" time="1.314" classname="unitTests.seleniumHelperTests.BrowserTests"/>
  <testcase name="verifySwitchToFrameByName_ThrowsException" time="1.387" classname="unitTests.seleniumHelperTests.BrowserTests"/>
  <testcase name="verifySwitchToIFrame" time="1.293" classname="unitTests.seleniumHelperTests.BrowserTests"/>
  <testcase name="verifySwitchToIFrame_PredefinedElement" time="1.095" classname="unitTests.seleniumHelperTests.BrowserTests"/>
  <testcase name="verifySwitchToIFrame_PredefinedElement_ThrowsException" time="2.176" classname="unitTests.seleniumHelperTests.BrowserTests"/>
  <testcase name="verifySwitchToNewWindow_ThrowsException" time="1.032" classname="unitTests.seleniumHelperTests.BrowserTests"/>
  <testcase name="verifySwitchToIFrame_ThrowsException" time="1.375" classname="unitTests.seleniumHelperTests.BrowserTests"/>
  <testcase name="verifySwitchToNewWindow" time="1.622" classname="unitTests.seleniumHelperTests.BrowserTests"/>
  <testcase name="verifySwitchToUndefinedBrowserObject" time="1.48" classname="unitTests.seleniumHelperTests.BrowserTests"/>
  <testcase name="verifyWaitForWindowCount" time="0.415" classname="unitTests.seleniumHelperTests.BrowserTests"/>
  <testcase name="verifyWaitForWindowCount_ThrowsException" time="1.27" classname="unitTests.seleniumHelperTests.BrowserTests"/>
  <testcase name="verifyClickViaJavascript_CLASSNAME" time="1.461" classname="unitTests.seleniumHelperTests.ClickTests"/>
  <testcase name="verifyClickViaJavascript_CSSSELECTOR" time="1.339" classname="unitTests.seleniumHelperTests.ClickTests"/>
  <testcase name="verifyClickViaJQuery_IndexIsNumeric_ThrowsException" time="1.662" classname="unitTests.seleniumHelperTests.ClickTests"/>
  <testcase name="verifyClickViaJQuery_IndexIsNull" time="1.618" classname="unitTests.seleniumHelperTests.ClickTests"/>
  <testcase name="verifyClickViaJQuery_IndexIsNotNull" time="1.481" classname="unitTests.seleniumHelperTests.ClickTests"/>
  <testcase name="verifyClickViaJQuery_IndexIsNumeric" time="1.541" classname="unitTests.seleniumHelperTests.ClickTests"/>
  <testcase name="verifyClickViaJavascript_ExceptionThrown" time="1.536" classname="unitTests.seleniumHelperTests.ClickTests"/>
  <testcase name="verifyClickViaJavascript_DEFAULT" time="1.54" classname="unitTests.seleniumHelperTests.ClickTests"/>
  <testcase name="verifyClickViaJavascript_NAME" time="1.246" classname="unitTests.seleniumHelperTests.ClickTests"/>
  <testcase name="verifyClickViaJavascript_ID" time="1.273" classname="unitTests.seleniumHelperTests.ClickTests"/>
  <testcase name="verifyClickViaJavascript_TAGNAME" time="1.097" classname="unitTests.seleniumHelperTests.ClickTests"/>
  <testcase name="verifyClick_PredefinedWebElement_ThrowsException" time="2.41" classname="unitTests.seleniumHelperTests.ClickTests"/>
  <testcase name="verifyClick_ThrowsException" time="0.346" classname="unitTests.seleniumHelperTests.ClickTests"/>
  <testcase name="verifyClick_ThrowsWebDriverException" time="0.383" classname="unitTests.seleniumHelperTests.ClickTests"/>
  <testcase name="verifySendKeys_ExceptionThrown" time="0.645" classname="unitTests.seleniumHelperTests.EnterTests"/>
  <testcase name="verifyClear_ExceptionThrown" time="0.622" classname="unitTests.seleniumHelperTests.EnterTests"/>
  <testcase name="verifySendKeys_ElementPreDefined_ExceptionThrown" time="2.254" classname="unitTests.seleniumHelperTests.EnterTests"/>
  <testcase name="verifyClear_ElementPreDefined_ExceptionThrown" time="2.292" classname="unitTests.seleniumHelperTests.EnterTests"/>
  <testcase name="verifyScrollToBottomOfPage_ThrowsException" time="1.006" classname="unitTests.seleniumHelperTests.PageTests"/>
  <testcase name="verifyScrollToTopOfPage_ThrowsException" time="0.909" classname="unitTests.seleniumHelperTests.PageTests"/>
  <testcase name="verifyRefreshThePage_ThrowsException" time="0.479" classname="unitTests.seleniumHelperTests.PageTests"/>
  <testcase name="verifyScrollToBottomOfPage" time="1.498" classname="unitTests.seleniumHelperTests.PageTests"/>
  <testcase name="verifyScrollToTopOfPage" time="1.442" classname="unitTests.seleniumHelperTests.PageTests"/>
  <testcase name="verifyRefreshThePage" time="1.69" classname="unitTests.seleniumHelperTests.PageTests"/>
  <testcase name="verifyDoesAttributeContainTheExpectedValue_AttributeDoesNotContainValue" time="1.532" classname="unitTests.seleniumHelperTests.TextTests"/>
  <testcase name="verifyDoesAttributeContainTheExpectedValue_AttributeContainsValue" time="1.505" classname="unitTests.seleniumHelperTests.TextTests"/>
  <testcase name="verfifyIsTextDisplayedInSpecifiedElement_PredefinedElement_ThrowsException" time="1.585" classname="unitTests.seleniumHelperTests.TextTests"/>
  <testcase name="verfifyIsTextDisplayedInSpecifiedElement_ThrowsException" time="1.524" classname="unitTests.seleniumHelperTests.TextTests"/>
  <testcase name="verfifyIsTextDisplayedInSpecifiedElement_PredefinedElement_TextIsNotDisplayed" time="1.395" classname="unitTests.seleniumHelperTests.TextTests"/>
  <testcase name="verfifyIsTextDisplayedInSpecifiedElement_PredefinedElement_TextIsDisplayed" time="1.404" classname="unitTests.seleniumHelperTests.TextTests"/>
  <testcase name="verifyDoesAttributeContainTheExpectedValue_ExceptionThrown" time="1.596" classname="unitTests.seleniumHelperTests.TextTests"/>
  <testcase name="verifyGetTextInTextFieldViaJavascript_CharsInCssSelectorString" time="1.577" classname="unitTests.seleniumHelperTests.TextTests"/>
  <testcase name="verifyGetTextInTextFieldViaJavascript_DefaultCase" time="1.428" classname="unitTests.seleniumHelperTests.TextTests"/>
  <testcase name="verifyGetTextInTextFieldViaJavascript_ClassName" time="1.382" classname="unitTests.seleniumHelperTests.TextTests"/>
  <testcase name="verifyDoesAttributeContainTheExpectedValue_NullValue" time="1.499" classname="unitTests.seleniumHelperTests.TextTests"/>
  <testcase name="verifyGetTextFromWebElement_PreDefinedElement_WebElementIsNull" time="1.928" classname="unitTests.seleniumHelperTests.TextTests"/>
  <testcase name="verifyGetTextInTextFieldViaJavascript_Id" time="1.507" classname="unitTests.seleniumHelperTests.TextTests"/>
  <testcase name="verifyGetTextInTextFieldViaJavascript_Name" time="1.487" classname="unitTests.seleniumHelperTests.TextTests"/>
  <testcase name="verifyGetTextInTextFieldViaJavascript_TagName" time="1.334" classname="unitTests.seleniumHelperTests.TextTests"/>
  <testcase name="verifyGetWebElementAttribute_AttributeNotPresent" time="1.486" classname="unitTests.seleniumHelperTests.TextTests"/>
  <testcase name="verifyGetWebElementAttribute" time="1.521" classname="unitTests.seleniumHelperTests.TextTests"/>
  <testcase name="verifyGetWebElementAttribute_ElementPredefined" time="0.884" classname="unitTests.seleniumHelperTests.TextTests"/>
  <testcase name="verifyGetWebElementAttribute_ElementPredefined_AttributeNotPresent" time="1.317" classname="unitTests.seleniumHelperTests.TextTests"/>
  <testcase name="verifyIsAnyTextDisplayedInElement_ElementDoesntContainText" time="1.296" classname="unitTests.seleniumHelperTests.TextTests"/>
  <testcase name="verifyGetWebElementAttribute_ExceptionThrown" time="1.26" classname="unitTests.seleniumHelperTests.TextTests"/>
  <testcase name="verifyIsAnyTextDisplayedInElement_ElementContainsText" time="1.202" classname="unitTests.seleniumHelperTests.TextTests"/>
  <testcase name="verifyGetWebElementAttribute_ElementPredefined_ExceptionThrown" time="1.921" classname="unitTests.seleniumHelperTests.TextTests"/>
  <testcase name="getWebElement_LinkText" time="1.456" classname="unitTests.seleniumHelperTests.ElementTests"/>
  <testcase name="getWebElement_CssSelector" time="1.518" classname="unitTests.seleniumHelperTests.ElementTests"/>
  <testcase name="getWebElement_ClassName" time="1.564" classname="unitTests.seleniumHelperTests.ElementTests"/>
  <testcase name="getWebElement_Default" time="1.461" classname="unitTests.seleniumHelperTests.ElementTests"/>
  <testcase name="getWebElement_Name" time="1.41" classname="unitTests.seleniumHelperTests.ElementTests"/>
  <testcase name="getWebElement_ID" time="1.133" classname="unitTests.seleniumHelperTests.ElementTests"/>
  <testcase name="getWebElement_SelectorStringIsNull" time="1.612" classname="unitTests.seleniumHelperTests.ElementTests"/>
  <testcase name="getWebElement_PartialLinkText" time="1.591" classname="unitTests.seleniumHelperTests.ElementTests"/>
  <testcase name="getWebElement_Xpath" time="1.567" classname="unitTests.seleniumHelperTests.ElementTests"/>
  <testcase name="getWebElement_TagName" time="1.504" classname="unitTests.seleniumHelperTests.ElementTests"/>
  <testcase name="verifyFindWebElement_ThrowsException" time="1.468" classname="unitTests.seleniumHelperTests.ElementTests"/>
  <testcase name="verifyFindWebElement" time="1.516" classname="unitTests.seleniumHelperTests.ElementTests"/>
  <testcase name="verifyGetElements_ExceptionThrown" time="0.999" classname="unitTests.seleniumHelperTests.ElementTests"/>
  <testcase name="verifyFindWebElements" time="1.572" classname="unitTests.seleniumHelperTests.ElementTests"/>
  <testcase name="verifyIsAttributePresentInElement_AttributeIsNotPresent" time="1.624" classname="unitTests.seleniumHelperTests.ElementTests"/>
  <testcase name="verifyIsAttributePresentInElement_AttributeIsPresent" time="1.333" classname="unitTests.seleniumHelperTests.ElementTests"/>
  <testcase name="verifyIsAttributePresentInElement_ExcpetionThrown" time="2.092" classname="unitTests.seleniumHelperTests.ElementTests"/>
  <testcase name="verifyFindWebElements_ThrowsException" time="2.281" classname="unitTests.seleniumHelperTests.ElementTests"/>
  <testcase name="verifyIsElementPresent_ElementIsPresent" time="0.776" classname="unitTests.seleniumHelperTests.ElementTests"/>
  <testcase name="verifyIsElementPresent_ElementIsNotPresent" time="1.858" classname="unitTests.seleniumHelperTests.ElementTests"/>
  <testcase name="verifyDragAndDropElementToAnotherElement_PredefinedElement_ThrowsException" time="1.272" classname="unitTests.seleniumHelperTests.ActionsTests"/>
  <testcase name="verifyDragAndDropElementToAnotherElement_ThrowsException" time="1.184" classname="unitTests.seleniumHelperTests.ActionsTests"/>
  <testcase name="verifyDragAndDropElementToAnotherElement" time="2.833" classname="unitTests.seleniumHelperTests.ActionsTests"/>
  <testcase name="verifyDragAndDropElementToAnotherElement_PredefinedElement" time="2.749" classname="unitTests.seleniumHelperTests.ActionsTests"/>
  <testcase name="verifyDragAndDropElementToAnotherElement_PredefinedElement_ValuesNotNull" time="2.865" classname="unitTests.seleniumHelperTests.ActionsTests"/>
  <testcase name="verifyDragAndDropElementToAnotherElement_ValuesNotNull" time="2.808" classname="unitTests.seleniumHelperTests.ActionsTests"/>
  <testcase name="verifyDragAndDropViaSelenium_ThrowsException" time="1.978" classname="unitTests.seleniumHelperTests.ActionsTests"/>
  <testcase name="verifyMoveToElement_ThrowsException" time="0.673" classname="unitTests.seleniumHelperTests.ActionsTests"/>
  <testcase name="verifyMouseOver" time="1.286" classname="unitTests.seleniumHelperTests.ActionsTests"/>
  <testcase name="verifyMoveToElement" time="1.202" classname="unitTests.seleniumHelperTests.ActionsTests"/>
  <testcase name="verifyMouseOver_ExceptionThrown" time="1.887" classname="unitTests.seleniumHelperTests.ActionsTests"/>
  <testcase name="verifyScrollToElement" time="0.916" classname="unitTests.seleniumHelperTests.ActionsTests"/>
  <testcase name="verifyScrollToElement_PredefinedElement" time="0.808" classname="unitTests.seleniumHelperTests.ActionsTests"/>
  <testcase name="verifyScrollToElement_ThrowsException" time="0.949" classname="unitTests.seleniumHelperTests.ActionsTests"/>
  <testcase name="verifyScrollToElement_PredefinedElement_ThrowsException" time="1.618" classname="unitTests.seleniumHelperTests.ActionsTests"/>
  <testcase name="verifyDragAndDropViaSelenium" time="8.716" classname="unitTests.seleniumHelperTests.ActionsTests"/>
  <testcase name="verifySelectOptionFromDropDownMenu" time="0.78" classname="unitTests.seleniumHelperTests.ActionsTests"/>
  <testcase name="verifySelectOptionFromDropDownMenu_ExceptionThrown" time="0.691" classname="unitTests.seleniumHelperTests.ActionsTests"/>
  <testcase name="verifyWaitForAttributeToDisappear_PredefinedElement" time="1.327" classname="unitTests.seleniumHelperTests.WaitTests"/>
  <testcase name="verifyWaitForAttributeToDisappear" time="1.223" classname="unitTests.seleniumHelperTests.WaitTests"/>
  <testcase name="verifyWaitForAttributeToContainACertainValue" time="0.619" classname="unitTests.seleniumHelperTests.WaitTests"/>
  <testcase name="verifyWaitForAttributeToContainACertainValue_ExceptionThrown" time="2.364" classname="unitTests.seleniumHelperTests.WaitTests"/>
  <testcase name="verifyWaitForAttributeToDisappear_ThrowsException" time="2.226" classname="unitTests.seleniumHelperTests.WaitTests"/>
  <testcase name="verifyWaitForAttributeToDisappear_PredefinedElement_ThrowsException" time="2.173" classname="unitTests.seleniumHelperTests.WaitTests"/>
  <testcase name="verifyWaitForAttributeToEqualACertainValue" time="1.376" classname="unitTests.seleniumHelperTests.WaitTests"/>
  <testcase name="verifyWaitForAttributeToEqualACertainValue_PredefinedElement" time="1.446" classname="unitTests.seleniumHelperTests.WaitTests"/>
  <testcase name="verifyWaitForAttributeToEqualACertainValue_ExceptionThrown" time="2.507" classname="unitTests.seleniumHelperTests.WaitTests"/>
  <testcase name="verifyWaitForElementToBeClickable" time="1.106" classname="unitTests.seleniumHelperTests.WaitTests"/>
  <testcase name="verifyWaitForAttributeToEqualACertainValue_PredefinedElement_ExceptionThrown" time="1.722" classname="unitTests.seleniumHelperTests.WaitTests"/>
  <testcase name="verifyWaitForElementToBeClickable_ThrowsException" time="1.935" classname="unitTests.seleniumHelperTests.WaitTests"/>
  <testcase name="verifyWaitForElementToBeInvisible" time="0.661" classname="unitTests.seleniumHelperTests.WaitTests"/>
  <testcase name="verifyWaitForElementToBeInvisible_ThrowsException" time="2.021" classname="unitTests.seleniumHelperTests.WaitTests"/>
  <testcase name="verifyWaitForElementToLoad_ExceptionThrown" time="2.002" classname="unitTests.seleniumHelperTests.WaitTests"/>
  <testcase name="verifyWaitForPageLoad" time="1.166" classname="unitTests.seleniumHelperTests.WaitTests"/>
  <testcase name="verifyWaitForOfElementLocated_ThrowsException" time="2.266" classname="unitTests.seleniumHelperTests.WaitTests"/>
  <testcase name="verifyWaitForPageLoad_ThrowsException" time="1.99" classname="unitTests.seleniumHelperTests.WaitTests"/>
  <testcase name="verifyWaitForPresenceOfElementLocated" time="0.873" classname="unitTests.seleniumHelperTests.WaitTests"/>
  <testcase name="waitForTextToExistInElement" time="0.785" classname="unitTests.seleniumHelperTests.WaitTests"/>
  <testcase name="waitForTextToExistInElement_ThrowsException" time="1.671" classname="unitTests.seleniumHelperTests.WaitTests"/>
  <testcase name="getTotalDaysInMonth" time="0.894" classname="unitTests.PageClassTests"/>
  <testcase name="randomString_CorrectLetters" time="0.794" classname="unitTests.PageClassTests"/>
  <testcase name="randomString_Integers" time="0.793" classname="unitTests.PageClassTests"/>
  <testcase name="failTestIfVariableIsNull_nullVariable" time="1.675" classname="unitTests.PageClassTests"/>
  <testcase name="randomString_NullString" time="1.699" classname="unitTests.PageClassTests"/>
  <testcase name="failTestIfVariableIsNull_notNullVariable" time="1.422" classname="unitTests.PageClassTests"/>
  <testcase name="randomString_enteredLengthSameAsStringLength" time="1.038" classname="unitTests.PageClassTests"/>
  <testcase name="randomString_enteredLengthLongerThanStringLength" time="1.038" classname="unitTests.PageClassTests"/>
  <testcase name="randomString_SpecialCharacters" time="0.917" classname="unitTests.PageClassTests"/>
  <testcase name="verifyCleanUp" time="0.611" classname="unitTests.PageClassTests"/>
  <testcase name="randomString_enteredLengthShorterThanStringLength" time="0.62" classname="unitTests.PageClassTests"/>
  <testcase name="verifyClickSomeElement_ElementFound" time="1.94" classname="unitTests.PageClassTests"/>
  <testcase name="verifyClickSomeElement_ThrowsException" time="2.03" classname="unitTests.PageClassTests"/>
  <testcase name="verifyEnterAValueIntoATextField" time="2.511" classname="unitTests.PageClassTests"/>
  <testcase name="verifyEnterAValueIntoATextField_ElementDefined" time="2.173" classname="unitTests.PageClassTests"/>
  <testcase name="verifyEnterAValueIntoATextField_ByValueUndefined" time="2.641" classname="unitTests.PageClassTests"/>
  <testcase name="verifyClickSomeElement_ElementNotFound" time="7.802" classname="unitTests.PageClassTests"/>
  <testcase name="verifyEnterAValueIntoATextField_NullValue" time="2.356" classname="unitTests.PageClassTests"/>
  <testcase name="verifyEnterAValueIntoATextField_ElementNotFound_ElementDefined" time="2.854" classname="unitTests.PageClassTests"/>
  <testcase name="verifyEnterAValueIntoATextField_NullValue_ElementDefined" time="2.43" classname="unitTests.PageClassTests"/>
  <testcase name="verifyFindOptionInListAndSelectIt_ExceptionThrown" time="2.576" classname="unitTests.PageClassTests"/>
  <testcase name="verifyEnterAValueIntoATextField_ElementNotFound" time="7.272" classname="unitTests.PageClassTests"/>
  <testcase name="verifyFindOptionInLitAndSelectIt_OptionAvailable_NoJquery" time="2.175" classname="unitTests.PageClassTests"/>
  <testcase name="verifyFindOptionInListAndSelectIt_OptionAvailable_Jquery" time="2.553" classname="unitTests.PageClassTests">
    <failure type="reporting.framework.utilities.FrameworkException" message="StepName: findOptionInListAndSelectIt
 ErrorMessage : unknown error: Runtime.evaluate threw exception: SyntaxError: missing ) after argument list
  (Session info: chrome=60.0.3112.50)
  (Driver info: chromedriver=2.30.477690 (c53f4ad87510ee97b5c3425a14c0e79780cdf262),platform=Mac OS X 10.12.5 x86_64) (WARNING: The server did not provide any stacktrace information)
Command duration or timeout: 22 milliseconds
Build info: version: &amp;apos;3.4.0&amp;apos;, revision: &amp;apos;unknown&amp;apos;, time: &amp;apos;unknown&amp;apos;
System info: host: &amp;apos;ashleys-mbp.turner.com&amp;apos;, ip: &amp;apos;fe80:0:0:0:8e2:378b:58b:3102%en0&amp;apos;, os.name: &amp;apos;Mac OS X&amp;apos;, os.arch: &amp;apos;x86_64&amp;apos;, os.version: &amp;apos;10.12.5&amp;apos;, java.version: &amp;apos;1.8.0_101&amp;apos;
Driver info: org.openqa.selenium.chrome.ChromeDriver
Capabilities [{applicationCacheEnabled=false, rotatable=false, mobileEmulationEnabled=false, networkConnectionEnabled=false, chrome={chromedriverVersion=2.30.477690 (c53f4ad87510ee97b5c3425a14c0e79780cdf262), userDataDir=/var/folders/bz/wgk5xb716j73jwmmn_1bpq8c0000gn/T/.org.chromium.Chromium.AXZQzC}, takesHeapSnapshot=true, pageLoadStrategy=normal, databaseEnabled=false, handlesAlerts=true, hasTouchScreen=false, version=60.0.3112.50, platform=MAC, browserConnectionEnabled=false, nativeEvents=true, acceptSslCerts=true, locationContextEnabled=true, webStorageEnabled=true, browserName=chrome, takesScreenshot=true, javascriptEnabled=true, cssSelectorsEnabled=true, unexpectedAlertBehaviour=}]
Session ID: edd010e9daa910fd4f2fc05347209461">
      <![CDATA[reporting.framework.utilities.FrameworkException: StepName: findOptionInListAndSelectIt
 ErrorMessage : unknown error: Runtime.evaluate threw exception: SyntaxError: missing ) after argument list
  (Session info: chrome=60.0.3112.50)
  (Driver info: chromedriver=2.30.477690 (c53f4ad87510ee97b5c3425a14c0e79780cdf262),platform=Mac OS X 10.12.5 x86_64) (WARNING: The server did not provide any stacktrace information)
Command duration or timeout: 22 milliseconds
Build info: version: '3.4.0', revision: 'unknown', time: 'unknown'
System info: host: 'ashleys-mbp.turner.com', ip: 'fe80:0:0:0:8e2:378b:58b:3102%en0', os.name: 'Mac OS X', os.arch: 'x86_64', os.version: '10.12.5', java.version: '1.8.0_101'
Driver info: org.openqa.selenium.chrome.ChromeDriver
Capabilities [{applicationCacheEnabled=false, rotatable=false, mobileEmulationEnabled=false, networkConnectionEnabled=false, chrome={chromedriverVersion=2.30.477690 (c53f4ad87510ee97b5c3425a14c0e79780cdf262), userDataDir=/var/folders/bz/wgk5xb716j73jwmmn_1bpq8c0000gn/T/.org.chromium.Chromium.AXZQzC}, takesHeapSnapshot=true, pageLoadStrategy=normal, databaseEnabled=false, handlesAlerts=true, hasTouchScreen=false, version=60.0.3112.50, platform=MAC, browserConnectionEnabled=false, nativeEvents=true, acceptSslCerts=true, locationContextEnabled=true, webStorageEnabled=true, browserName=chrome, takesScreenshot=true, javascriptEnabled=true, cssSelectorsEnabled=true, unexpectedAlertBehaviour=}]
Session ID: edd010e9daa910fd4f2fc05347209461
	at commonClasses.sharedUtils.helpers.ReportHelper.reportException(ReportHelper.java:30)
	at commonClasses.sharedPageClasses.PageHelper.findOptionInListAndSelectIt(PageHelper.java:449)
	at testPages.TestPage.testFindOptionInListAndSelectIt(TestPage.java:113)
	at unitTests.PageClassTests.verifyFindOptionInListAndSelectIt_OptionAvailable_Jquery(PageClassTests.java:799)
	at java.util.concurrent.ThreadPoolExecutor.runWorker(ThreadPoolExecutor.java:1142)
	at java.util.concurrent.ThreadPoolExecutor$Worker.run(ThreadPoolExecutor.java:617)
	at java.lang.Thread.run(Thread.java:745)
... Removed 10 stack frames]]>
    </failure>
  </testcase>
  <testcase name="verifyFindOptionInListAndSelectIt_NoOptionsAvailable_NoJquery" time="3.291" classname="unitTests.PageClassTests"/>
  <testcase name="verifyGetCurrentSplitDate" time="1.039" classname="unitTests.PageClassTests"/>
  <testcase name="verifyGetFutureDate" time="1.075" classname="unitTests.PageClassTests"/>
  <testcase name="verifyRemovingCharacters_containsCharacter" time="1.046" classname="unitTests.PageClassTests"/>
  <testcase name="verifyRemovingCharacters_doesntContainCharacter" time="0.846" classname="unitTests.PageClassTests"/>
  <testcase name="verifyRemovingCharacters_nullException" time="1.706" classname="unitTests.PageClassTests"/>
  <testcase name="verifySelectSomeOptionFromNonDropDown_WebElementPredefined_ElementFound" time="2.329" classname="unitTests.PageClassTests"/>
  <testcase name="verifySelectSomeOptionFromNonDropDown_ElementFound" time="4.036" classname="unitTests.PageClassTests"/>
  <testcase name="verifySelectSomeOptionFromNonDropDown_ThrowsException" time="3.519" classname="unitTests.PageClassTests"/>
  <testcase name="verifySelectSomeOptionFromNonDropDown_WebElementPredefined_ElementNotFound" time="2.919" classname="unitTests.PageClassTests"/>
  <testcase name="verifySomeElementContainsTheExpectedText_ElementDoesNotContainCorrectText" time="2.824" classname="unitTests.PageClassTests"/>
  <testcase name="verifySomeElementContainsTheExpectedText_NullExpectedValue" time="1.986" classname="unitTests.PageClassTests"/>
  <testcase name="verifySomeElementContainsTheExpectedText_PredefinedWebElement_NullExpectedValue" time="1.961" classname="unitTests.PageClassTests"/>
  <testcase name="verifySomeElementContainsTheExpectedText_PredefinedWebElement_ElementDoesNotContainCorrectText" time="2.771" classname="unitTests.PageClassTests"/>
  <testcase name="verifySomeElementContainsTheExpectedText_PredefinedWebElement_RemoveAllSpacesFalse" time="2.112" classname="unitTests.PageClassTests"/>
  <testcase name="verifySomeElementContainsTheExpectedText_PredefinedWebElement_RemoveAllSpacesTrue" time="2.369" classname="unitTests.PageClassTests"/>
  <testcase name="verifySelectSomeOptionFromNonDropDown_ElementNotFound" time="12.83" classname="unitTests.PageClassTests"/>
  <testcase name="verifySomeElementContainsTheExpectedText_RemoveAllSpacesFalse" time="2.211" classname="unitTests.PageClassTests"/>
  <testcase name="verifySomeElementContainsTheExpectedText_RemoveAllSpacesTrue" time="1.915" classname="unitTests.PageClassTests"/>
  <testcase name="verifySomeElementIsNotPresent_ElementPresent" time="2.775" classname="unitTests.PageClassTests"/>
  <testcase name="verifySomeElementIsNotPresent_ExceptionThrown" time="2.242" classname="unitTests.PageClassTests"/>
  <testcase name="verifySomeElementIsPresent_ExceptionThrown" time="1.953" classname="unitTests.PageClassTests"/>
  <testcase name="verifySomeElementIsPresent_ElementPresent" time="1.824" classname="unitTests.PageClassTests"/>
  <testcase name="verifySomeElementIsNotPresent_ElementNotPresent" time="7.349" classname="unitTests.PageClassTests"/>
  <testcase name="verifySubtractDays_DayStartsWith0" time="0.912" classname="unitTests.PageClassTests"/>
  <testcase name="verifySubtractDays_DayStartsWith1" time="0.875" classname="unitTests.PageClassTests"/>
  <testcase name="verifySubtractDays_IncorrectDateFormat" time="1.789" classname="unitTests.PageClassTests"/>
  <testcase name="verifyTextFieldIsBlank_TextFieldIsBlank" time="2.18" classname="unitTests.PageClassTests"/>
  <testcase name="verifyTextFieldIsBlank_ThrowsException" time="1.967" classname="unitTests.PageClassTests"/>
  <testcase name="verifyTextFieldIsBlank_TextFieldIsNotBlank" time="3.329" classname="unitTests.PageClassTests"/>
  <testcase name="verifyTextInTextField_ContainsInvalidChar_RemoveAllSpacesFalse_TextIsPresent" time="2.935" classname="unitTests.PageClassTests"/>
  <testcase name="verifySomeElementIsPresent_ElementNotPresent" time="12.958" classname="unitTests.PageClassTests"/>
  <testcase name="verifyTextInTextField_DoesntContainInvalidChar_RemoveAllSpacesTrue_TextIsPresent" time="2.433" classname="unitTests.PageClassTests"/>
  <testcase name="verifyTextInTextField_DoesntContainInvalidChar_RemoveAllSpacesFalse_TextIsNotPresent" time="3.294" classname="unitTests.PageClassTests"/>
  <testcase name="verifyTextInTextField_ExceptionThrown" time="2.376" classname="unitTests.PageClassTests"/>
  <testcase name="verifyTheActualValueDoesntContainExpectedValue" time="2.586" classname="unitTests.PageClassTests"/>
  <testcase name="verifyTheActualValueDoesntMatchExpectedValue" time="2.632" classname="unitTests.PageClassTests"/>
  <testcase name="verifyTheActualValueNull_contains" time="2.857" classname="unitTests.PageClassTests"/>
  <testcase name="verifyTheExpectedValueContainsTheActualValue" time="2.004" classname="unitTests.PageClassTests"/>
  <testcase name="verifyTheActualValueNull_exactMatch" time="2.849" classname="unitTests.PageClassTests"/>
  <testcase name="verifyTheExpectedValueMatchesTheActualValue" time="1.283" classname="unitTests.PageClassTests"/>
  <testcase name="verifyTheExpectedValueNull_exactMatch" time="1.652" classname="unitTests.PageClassTests"/>
  <testcase name="verifyTheExpectedValueNull_contains" time="2.331" classname="unitTests.PageClassTests">
    <failure type="java.lang.AssertionError" message="expected:&amp;lt;true&amp;gt; but was:&amp;lt;false&amp;gt;">
      <![CDATA[java.lang.AssertionError: expected:<true> but was:<false>
	at unitTests.PageClassTests.verifyTheExpectedValueNull_contains(PageClassTests.java:163)
	at java.util.concurrent.ThreadPoolExecutor.runWorker(ThreadPoolExecutor.java:1142)
	at java.util.concurrent.ThreadPoolExecutor$Worker.run(ThreadPoolExecutor.java:617)
	at java.lang.Thread.run(Thread.java:745)
... Removed 14 stack frames]]>
    </failure>
  </testcase>
  <testcase name="verifyGetTimeStamp" time="0.261" classname="unitTests.UtilsTest"/>
  <testcase name="verifyEncryptAndDecrypt" time="0.505" classname="unitTests.UtilsTest"/>
</testsuite>
