<?xml version="1.0" encoding="UTF-8"?>
<!-- Generated by org.testng.reporters.JUnitReportReporter -->
<testsuite hostname="ashleys-mbp.turner.com" name="unitTests.PageClassTests" tests="67" failures="0" timestamp="22 Feb 2017 18:16:58 GMT" time="286.763" errors="5">
  <testcase name="verifyTheExpectedValueNull_contains" time="4.376" classname="unitTests.PageClassTests"/>
  <testcase name="verifySomeElementContainsTheExpectedText_RemoveAllSpacesTrue" time="2.966" classname="unitTests.PageClassTests"/>
  <testcase name="verifyFindOptionInListAndSelectIt_OptionAvailable_Jquery" time="4.659" classname="unitTests.PageClassTests"/>
  <testcase name="randomString_CorrectLetters" time="2.507" classname="unitTests.PageClassTests"/>
  <testcase name="verifySomeElementContainsTheExpectedText_RemoveAllSpacesFalse" time="3.164" classname="unitTests.PageClassTests"/>
  <testcase name="randomString_NullString" time="3.718" classname="unitTests.PageClassTests"/>
  <testcase name="verifySelectSomeOptionFromNonDropDown_WebElementPredefined_ElementFound" time="3.888" classname="unitTests.PageClassTests"/>
  <testcase name="verifyEnterAValueIntoATextField_ElementNotFound_ElementDefined" time="8.923" classname="unitTests.PageClassTests"/>
  <testcase name="getTotalDaysInMonth" time="3.987" classname="unitTests.PageClassTests">
    <error type="java.lang.AssertionError" message="expected:&lt;28&gt; but was:&lt;31&gt;">
      <![CDATA[java.lang.AssertionError: expected:<28> but was:<31>
	at org.testng.Assert.fail(Assert.java:89)
	at org.testng.Assert.failNotEquals(Assert.java:489)
	at org.testng.Assert.assertEquals(Assert.java:118)
	at org.testng.Assert.assertEquals(Assert.java:365)
	at org.testng.Assert.assertEquals(Assert.java:375)
	at unitTests.PageClassTests.getTotalDaysInMonth(PageClassTests.java:917)
	at sun.reflect.NativeMethodAccessorImpl.invoke0(Native Method)
	at sun.reflect.NativeMethodAccessorImpl.invoke(NativeMethodAccessorImpl.java:62)
	at sun.reflect.DelegatingMethodAccessorImpl.invoke(DelegatingMethodAccessorImpl.java:43)
	at java.lang.reflect.Method.invoke(Method.java:498)
	at org.testng.internal.MethodInvocationHelper.invokeMethod(MethodInvocationHelper.java:80)
	at org.testng.internal.Invoker.invokeMethod(Invoker.java:691)
	at org.testng.internal.Invoker.invokeTestMethod(Invoker.java:883)
	at org.testng.internal.Invoker.invokeTestMethods(Invoker.java:1208)
	at org.testng.internal.TestMethodWorker.invokeTestMethods(TestMethodWorker.java:127)
	at org.testng.internal.TestMethodWorker.run(TestMethodWorker.java:111)
	at java.util.concurrent.ThreadPoolExecutor.runWorker(ThreadPoolExecutor.java:1142)
	at java.util.concurrent.ThreadPoolExecutor$Worker.run(ThreadPoolExecutor.java:617)
	at java.lang.Thread.run(Thread.java:745)
]]>
    </error>
  </testcase>
  <testcase name="verifyEnterAValueIntoATextField_NullValue_ElementDefined" time="3.686" classname="unitTests.PageClassTests">
    <error type="java.lang.AssertionError" message="expected:&lt;true&gt; but was:&lt;false&gt;">
      <![CDATA[java.lang.AssertionError: expected:<true> but was:<false>
	at org.testng.Assert.fail(Assert.java:89)
	at org.testng.Assert.failNotEquals(Assert.java:489)
	at org.testng.Assert.assertTrue(Assert.java:37)
	at org.testng.Assert.assertTrue(Assert.java:47)
	at unitTests.PageClassTests.verifyEnterAValueIntoATextField_NullValue_ElementDefined(PageClassTests.java:731)
	at sun.reflect.NativeMethodAccessorImpl.invoke0(Native Method)
	at sun.reflect.NativeMethodAccessorImpl.invoke(NativeMethodAccessorImpl.java:62)
	at sun.reflect.DelegatingMethodAccessorImpl.invoke(DelegatingMethodAccessorImpl.java:43)
	at java.lang.reflect.Method.invoke(Method.java:498)
	at org.testng.internal.MethodInvocationHelper.invokeMethod(MethodInvocationHelper.java:80)
	at org.testng.internal.Invoker.invokeMethod(Invoker.java:691)
	at org.testng.internal.Invoker.invokeTestMethod(Invoker.java:883)
	at org.testng.internal.Invoker.invokeTestMethods(Invoker.java:1208)
	at org.testng.internal.TestMethodWorker.invokeTestMethods(TestMethodWorker.java:127)
	at org.testng.internal.TestMethodWorker.run(TestMethodWorker.java:111)
	at java.util.concurrent.ThreadPoolExecutor.runWorker(ThreadPoolExecutor.java:1142)
	at java.util.concurrent.ThreadPoolExecutor$Worker.run(ThreadPoolExecutor.java:617)
	at java.lang.Thread.run(Thread.java:745)
]]>
    </error>
  </testcase>
  <testcase name="verifyTextInTextField_DoesntContainInvalidChar_RemoveAllSpacesTrue_TextIsPresent" time="3.451" classname="unitTests.PageClassTests"/>
  <testcase name="verifyFindOptionInListAndSelectIt_NoOptionsAvailable_NoJquery" time="3.642" classname="unitTests.PageClassTests"/>
  <testcase name="randomString_Integers" time="2.953" classname="unitTests.PageClassTests"/>
  <testcase name="verifyTheActualValueNull_exactMatch" time="3.273" classname="unitTests.PageClassTests"/>
  <testcase name="verifyCleanUp" time="3.379" classname="unitTests.PageClassTests"/>
  <testcase name="verifyEnterAValueIntoATextField" time="4.197" classname="unitTests.PageClassTests"/>
  <testcase name="verifyRemovingCharacters_nullException" time="2.698" classname="unitTests.PageClassTests"/>
  <testcase name="verifySomeElementIsNotPresent_ExceptionThrown" time="3.116" classname="unitTests.PageClassTests"/>
  <testcase name="verifyRemovingCharacters_doesntContainCharacter" time="2.852" classname="unitTests.PageClassTests"/>
  <testcase name="verifyEnterAValueIntoATextField_ElementDefined" time="4.093" classname="unitTests.PageClassTests"/>
  <testcase name="verifySubtractDays_DayStartsWith1" time="2.968" classname="unitTests.PageClassTests"/>
  <testcase name="verifyClickSomeElement_ThrowsException" time="3.365" classname="unitTests.PageClassTests"/>
  <testcase name="verifyTextFieldIsBlank_TextFieldIsBlank" time="3.408" classname="unitTests.PageClassTests"/>
  <testcase name="verifyTheActualValueNull_contains" time="3.150" classname="unitTests.PageClassTests"/>
  <testcase name="verifySomeElementContainsTheExpectedText_NullExpectedValue" time="3.153" classname="unitTests.PageClassTests"/>
  <testcase name="failTestIfVariableIsNull_nullVariable" time="2.852" classname="unitTests.PageClassTests"/>
  <testcase name="randomString_SpecialCharacters" time="2.946" classname="unitTests.PageClassTests"/>
  <testcase name="verifyEnterAValueIntoATextField_ByValueUndefined" time="5.878" classname="unitTests.PageClassTests"/>
  <testcase name="failTestIfVariableIsNull_notNullVariable" time="3.454" classname="unitTests.PageClassTests"/>
  <testcase name="verifyTheActualValueDoesntMatchExpectedValue" time="2.952" classname="unitTests.PageClassTests"/>
  <testcase name="verifyTextInTextField_ExceptionThrown" time="3.595" classname="unitTests.PageClassTests"/>
  <testcase name="randomString_enteredLengthShorterThanStringLength" time="3.057" classname="unitTests.PageClassTests"/>
  <testcase name="verifySubtractDays_DayStartsWith0" time="2.774" classname="unitTests.PageClassTests"/>
  <testcase name="verifySelectSomeOptionFromNonDropDown_ElementNotFound" time="13.513" classname="unitTests.PageClassTests"/>
  <testcase name="verifyRemovingCharacters_containsCharacter" time="3.839" classname="unitTests.PageClassTests"/>
  <testcase name="verifySomeElementContainsTheExpectedText_PredefinedWebElement_NullExpectedValue" time="3.321" classname="unitTests.PageClassTests"/>
  <testcase name="verifySelectSomeOptionFromNonDropDown_ThrowsException" time="4.094" classname="unitTests.PageClassTests"/>
  <testcase name="verifyClickSomeElement_ElementFound" time="4.115" classname="unitTests.PageClassTests"/>
  <testcase name="verifyGetFutureDate" time="3.832" classname="unitTests.PageClassTests"/>
  <testcase name="verifyTextFieldIsBlank_ThrowsException" time="4.273" classname="unitTests.PageClassTests"/>
  <testcase name="verifyClickSomeElement_ElementNotFound" time="10.824" classname="unitTests.PageClassTests"/>
  <testcase name="verifySomeElementIsPresent_ExceptionThrown" time="4.369" classname="unitTests.PageClassTests"/>
  <testcase name="verifyTheExpectedValueMatchesTheActualValue" time="3.095" classname="unitTests.PageClassTests"/>
  <testcase name="verifySomeElementContainsTheExpectedText_PredefinedWebElement_RemoveAllSpacesFalse" time="3.219" classname="unitTests.PageClassTests">
    <error type="java.lang.AssertionError" message="expected:&lt;true&gt; but was:&lt;false&gt;">
      <![CDATA[java.lang.AssertionError: expected:<true> but was:<false>
	at org.testng.Assert.fail(Assert.java:89)
	at org.testng.Assert.failNotEquals(Assert.java:489)
	at org.testng.Assert.assertTrue(Assert.java:37)
	at org.testng.Assert.assertTrue(Assert.java:47)
	at unitTests.PageClassTests.verifySomeElementContainsTheExpectedText_PredefinedWebElement_RemoveAllSpacesFalse(PageClassTests.java:1137)
	at sun.reflect.NativeMethodAccessorImpl.invoke0(Native Method)
	at sun.reflect.NativeMethodAccessorImpl.invoke(NativeMethodAccessorImpl.java:62)
	at sun.reflect.DelegatingMethodAccessorImpl.invoke(DelegatingMethodAccessorImpl.java:43)
	at java.lang.reflect.Method.invoke(Method.java:498)
	at org.testng.internal.MethodInvocationHelper.invokeMethod(MethodInvocationHelper.java:80)
	at org.testng.internal.Invoker.invokeMethod(Invoker.java:691)
	at org.testng.internal.Invoker.invokeTestMethod(Invoker.java:883)
	at org.testng.internal.Invoker.invokeTestMethods(Invoker.java:1208)
	at org.testng.internal.TestMethodWorker.invokeTestMethods(TestMethodWorker.java:127)
	at org.testng.internal.TestMethodWorker.run(TestMethodWorker.java:111)
	at java.util.concurrent.ThreadPoolExecutor.runWorker(ThreadPoolExecutor.java:1142)
	at java.util.concurrent.ThreadPoolExecutor$Worker.run(ThreadPoolExecutor.java:617)
	at java.lang.Thread.run(Thread.java:745)
]]>
    </error>
  </testcase>
  <testcase name="verifyEnterAValueIntoATextField_ElementNotFound" time="7.924" classname="unitTests.PageClassTests"/>
  <testcase name="verifyFindOptionInListAndSelectIt_ExceptionThrown" time="3.850" classname="unitTests.PageClassTests"/>
  <testcase name="verifyTextInTextField_ContainsInvalidChar_RemoveAllSpacesFalse_TextIsPresent" time="4.306" classname="unitTests.PageClassTests"/>
  <testcase name="randomString_enteredLengthSameAsStringLength" time="2.992" classname="unitTests.PageClassTests"/>
  <testcase name="verifySelectSomeOptionFromNonDropDown_ElementFound" time="4.996" classname="unitTests.PageClassTests"/>
  <testcase name="verifySomeElementIsNotPresent_ElementPresent" time="4.961" classname="unitTests.PageClassTests"/>
  <testcase name="verifySomeElementContainsTheExpectedText_ElementDoesNotContainCorrectText" time="2.945" classname="unitTests.PageClassTests"/>
  <testcase name="verifySubtractDays_IncorrectDateFormat" time="2.336" classname="unitTests.PageClassTests"/>
  <testcase name="verifySomeElementIsPresent_ElementNotPresent" time="14.998" classname="unitTests.PageClassTests"/>
  <testcase name="verifyFindOptionInLitAndSelectIt_OptionAvailable_NoJquery" time="4.131" classname="unitTests.PageClassTests">
    <error type="java.lang.AssertionError" message="expected:&lt;true&gt; but was:&lt;false&gt;">
      <![CDATA[java.lang.AssertionError: expected:<true> but was:<false>
	at org.testng.Assert.fail(Assert.java:89)
	at org.testng.Assert.failNotEquals(Assert.java:489)
	at org.testng.Assert.assertTrue(Assert.java:37)
	at org.testng.Assert.assertTrue(Assert.java:47)
	at unitTests.PageClassTests.verifyFindOptionInLitAndSelectIt_OptionAvailable_NoJquery(PageClassTests.java:775)
	at sun.reflect.NativeMethodAccessorImpl.invoke0(Native Method)
	at sun.reflect.NativeMethodAccessorImpl.invoke(NativeMethodAccessorImpl.java:62)
	at sun.reflect.DelegatingMethodAccessorImpl.invoke(DelegatingMethodAccessorImpl.java:43)
	at java.lang.reflect.Method.invoke(Method.java:498)
	at org.testng.internal.MethodInvocationHelper.invokeMethod(MethodInvocationHelper.java:80)
	at org.testng.internal.Invoker.invokeMethod(Invoker.java:691)
	at org.testng.internal.Invoker.invokeTestMethod(Invoker.java:883)
	at org.testng.internal.Invoker.invokeTestMethods(Invoker.java:1208)
	at org.testng.internal.TestMethodWorker.invokeTestMethods(TestMethodWorker.java:127)
	at org.testng.internal.TestMethodWorker.run(TestMethodWorker.java:111)
	at java.util.concurrent.ThreadPoolExecutor.runWorker(ThreadPoolExecutor.java:1142)
	at java.util.concurrent.ThreadPoolExecutor$Worker.run(ThreadPoolExecutor.java:617)
	at java.lang.Thread.run(Thread.java:745)
]]>
    </error>
  </testcase>
  <testcase name="verifyTextFieldIsBlank_TextFieldIsNotBlank" time="5.773" classname="unitTests.PageClassTests"/>
  <testcase name="verifySelectSomeOptionFromNonDropDown_WebElementPredefined_ElementNotFound" time="9.030" classname="unitTests.PageClassTests"/>
  <testcase name="verifySomeElementIsNotPresent_ElementNotPresent" time="8.758" classname="unitTests.PageClassTests"/>
  <testcase name="verifyTheActualValueDoesntContainExpectedValue" time="2.983" classname="unitTests.PageClassTests"/>
  <testcase name="verifyEnterAValueIntoATextField_NullValue" time="4.203" classname="unitTests.PageClassTests"/>
  <testcase name="verifySomeElementContainsTheExpectedText_PredefinedWebElement_ElementDoesNotContainCorrectText" time="3.632" classname="unitTests.PageClassTests"/>
  <testcase name="verifyGetCurrentSplitDate" time="3.328" classname="unitTests.PageClassTests"/>
  <testcase name="verifySomeElementIsPresent_ElementPresent" time="3.647" classname="unitTests.PageClassTests"/>
  <testcase name="verifyTheExpectedValueNull_exactMatch" time="2.550" classname="unitTests.PageClassTests"/>
  <testcase name="verifyTextInTextField_DoesntContainInvalidChar_RemoveAllSpacesFalse_TextIsNotPresent" time="3.342" classname="unitTests.PageClassTests"/>
  <testcase name="verifyTheExpectedValueContainsTheActualValue" time="2.299" classname="unitTests.PageClassTests"/>
  <testcase name="randomString_enteredLengthLongerThanStringLength" time="3.110" classname="unitTests.PageClassTests"/>
  <testcase name="verifySomeElementContainsTheExpectedText_PredefinedWebElement_RemoveAllSpacesTrue" time="3.095" classname="unitTests.PageClassTests">
    <error type="java.lang.AssertionError" message="expected:&lt;true&gt; but was:&lt;false&gt;">
      <![CDATA[java.lang.AssertionError: expected:<true> but was:<false>
	at org.testng.Assert.fail(Assert.java:89)
	at org.testng.Assert.failNotEquals(Assert.java:489)
	at org.testng.Assert.assertTrue(Assert.java:37)
	at org.testng.Assert.assertTrue(Assert.java:47)
	at unitTests.PageClassTests.verifySomeElementContainsTheExpectedText_PredefinedWebElement_RemoveAllSpacesTrue(PageClassTests.java:1159)
	at sun.reflect.NativeMethodAccessorImpl.invoke0(Native Method)
	at sun.reflect.NativeMethodAccessorImpl.invoke(NativeMethodAccessorImpl.java:62)
	at sun.reflect.DelegatingMethodAccessorImpl.invoke(DelegatingMethodAccessorImpl.java:43)
	at java.lang.reflect.Method.invoke(Method.java:498)
	at org.testng.internal.MethodInvocationHelper.invokeMethod(MethodInvocationHelper.java:80)
	at org.testng.internal.Invoker.invokeMethod(Invoker.java:691)
	at org.testng.internal.Invoker.invokeTestMethod(Invoker.java:883)
	at org.testng.internal.Invoker.invokeTestMethods(Invoker.java:1208)
	at org.testng.internal.TestMethodWorker.invokeTestMethods(TestMethodWorker.java:127)
	at org.testng.internal.TestMethodWorker.run(TestMethodWorker.java:111)
	at java.util.concurrent.ThreadPoolExecutor.runWorker(ThreadPoolExecutor.java:1142)
	at java.util.concurrent.ThreadPoolExecutor$Worker.run(ThreadPoolExecutor.java:617)
	at java.lang.Thread.run(Thread.java:745)
]]>
    </error>
  </testcase>
</testsuite>
